# Server version 0.08 running on 192.168.4.34:8123
# Game ID: 3
# Board class: pentago_swap.PentagoBoard
# Timeout: 2000
# First Move Timeout: 30000
# Date: Tue Dec 29 00:11:00 PST 2020
# Player 1: Player-0, '----------', running on 192.168.4.34
# Player 2: Player-1, 'RandomPlayer', running on 192.168.4.34
START Player-0 ----------
START Player-1 RandomPlayer
1 1 TL TR 0
0 1 TR BR 1
1 4 TR BR 0
3 2 TL TR 1
2 3 TL BL 0
1 5 BL BR 1
0 1 TL BR 0
3 3 TL BL 1
5 5 TL BR 0
5 4 BL BR 1
4 5 BL BR 0
3 3 TL TR 1
2 1 TL BR 0
1 3 BL BR 1
1 0 TL TR 0
5 3 TR BR 1
0 3 TR BL 0
1 4 TL BR 1
0 1 TL BR 0
4 0 TR BR 1
1 1 BL BR 0
3 0 TL TR 1
0 2 TL TR 0
3 4 TR BR 1
0 5 TR BR 0
5 2 BL BR 1
1 2 TL TR 0
2 2 TR BR 1
1 2 TL BR 0
GAMEOVER WINNER 0
# Game ended: Tue Dec 29 00:11:02 PST 2020
