# Server version 0.08 running on 192.168.4.34:8123
# Game ID: 5
# Board class: pentago_swap.PentagoBoard
# Timeout: 2000
# First Move Timeout: 30000
# Date: Tue Dec 29 00:21:04 PST 2020
# Player 1: Player-0, 'RandomPlayer', running on 192.168.4.34
# Player 2: Player-1, '----------', running on 192.168.4.34
START Player-0 RandomPlayer
START Player-1 ----------
5 2 TR BR 0
0 0 TL BR 1
0 3 TL TR 0
0 5 TR BL 1
4 1 BL BR 0
1 1 BL BR 1
2 0 TL BL 0
2 3 TL BL 1
5 3 BL BR 0
0 4 BL BR 1
1 5 TL TR 0
1 5 TL TR 1
0 1 BL BR 0
4 1 BL BR 1
5 1 TR BR 0
5 4 TR BR 1
1 4 TL BR 0
1 2 TL BR 1
5 2 TR BR 0
1 0 TL TR 1
GAMEOVER WINNER 1
# Game ended: Tue Dec 29 00:21:06 PST 2020
