# Server version 0.08 running on 192.168.4.34:8123
# Game ID: 1
# Board class: pentago_swap.PentagoBoard
# Timeout: 2000
# First Move Timeout: 30000
# Date: Mon Dec 28 17:27:09 PST 2020
# Player 1: Player-0, 'Human', running on 192.168.4.34
# Player 2: Player-1, '260706620', running on 192.168.4.34
START Player-0 Human
START Player-1 260706620
1 1 BL TR 0
1 4 TL TR 1
4 1 BR BL 0
4 1 TL TR 1
5 1 BR BL 0
0 1 TL TR 1
2 1 TR BL 0
0 5 TL BR 1
3 4 BL BR 0
0 2 TR BL 1
2 3 TR BL 0
2 0 TR BR 1
5 2 BR BL 0
5 1 TL BR 1
2 3 BL BR 0
2 4 BL BR 1
4 2 BR BL 0
0 5 BL BR 1
4 3 BL BR 0
3 1 BL BR 1
3 1 BL BR 0
0 3 TL BL 1
GAMEOVER WINNER 1
# Game ended: Mon Dec 28 17:28:07 PST 2020
